<?xml version="1.0" encoding="UTF-8"?>
<testsuite xmlns:xsi="http://www.w3.org/2001/XMLSchema-instance" xsi:noNamespaceSchemaLocation="https://maven.apache.org/surefire/maven-surefire-plugin/xsd/surefire-test-report-3.0.xsd" version="3.0" name="TestSuite" time="457.406" tests="27" errors="0" skipped="0" failures="0">
  <properties>
[...]
</properties>
  <testcase name="loginWithMailTest" classname="Chull.TestCase" time="2.987">
    <system-err><![CDATA[SLF4J(W): No SLF4J providers were found.
SLF4J(W): Defaulting to no-operation (NOP) logger implementation
SLF4J(W): See https://www.slf4j.org/codes.html#noProviders for further details.
Jul 08, 2025 8:33:12 PM org.openqa.selenium.devtools.CdpVersionFinder findNearestMatch
WARNING: Unable to find an exact match for CDP version 138, returning the closest version; found: 137; Please update to a Selenium version that supports CDP version 138
]]></system-err>
  </testcase>
  <testcase name="loginWithPhoneNumber" classname="Chull.TestCase" time="8.67">
    <system-err><![CDATA[Jul 08, 2025 8:33:20 PM org.openqa.selenium.devtools.CdpVersionFinder findNearestMatch
WARNING: Unable to find an exact match for CDP version 138, returning the closest version; found: 137; Please update to a Selenium version that supports CDP version 138
]]></system-err>
  </testcase>
  <testcase name="verifyCurrentUrlTest" classname="Chull.TestCase" time="0.027">
    <system-out><![CDATA[True 
]]></system-out>
    <system-err><![CDATA[Jul 08, 2025 8:33:33 PM org.openqa.selenium.devtools.CdpVersionFinder findNearestMatch
WARNING: Unable to find an exact match for CDP version 138, returning the closest version; found: 137; Please update to a Selenium version that supports CDP version 138
]]></system-err>
  </testcase>
  <testcase name="updateProfileTest" classname="Chull.TestCase" time="13.405">
    <system-err><![CDATA[Jul 08, 2025 8:33:37 PM org.openqa.selenium.devtools.CdpVersionFinder findNearestMatch
WARNING: Unable to find an exact match for CDP version 138, returning the closest version; found: 137; Please update to a Selenium version that supports CDP version 138
]]></system-err>
  </testcase>
  <testcase name="searchVideoTest" classname="Chull.TestCase" time="19.099">
    <system-out><![CDATA[Video is visible
]]></system-out>
    <system-err><![CDATA[Jul 08, 2025 8:33:54 PM org.openqa.selenium.devtools.CdpVersionFinder findNearestMatch
WARNING: Unable to find an exact match for CDP version 138, returning the closest version; found: 137; Please update to a Selenium version that supports CDP version 138
]]></system-err>
  </testcase>
  <testcase name="wrongOtpLoginTest" classname="Chull.TestCase" time="6.702">
    <system-out><![CDATA[Verify OTP
]]></system-out>
    <system-err><![CDATA[Jul 08, 2025 8:34:17 PM org.openqa.selenium.devtools.CdpVersionFinder findNearestMatch
WARNING: Unable to find an exact match for CDP version 138, returning the closest version; found: 137; Please update to a Selenium version that supports CDP version 138
]]></system-err>
  </testcase>
  <testcase name="playVideoTest" classname="Chull.TestCase" time="12.47">
    <system-out><![CDATA[Popup closed.
Total iframes found: 7
Iframe src: https://td.doubleclick.net/td/rul/17013215611?random=1751987069473&cv=11&fst=1751987069473&fmt=3&bg=ffffff&guid=ON&async=1&gtm=45be5720z89221036923za200zb9221036923&gcd=13l3l3l3l1l1&dma=0&tag_exp=101509157~103116026~103200004~103233427~103351869~103351871~104684208~104684211~104718208~104839054~104839056~104885889~104885891~104908318~104908320&u_w=1280&u_h=720&url=https%3A%2F%2Fchull.tv%2F&hn=www.googleadservices.com&frm=0&npa=0&pscdl=noapi&auid=2071879402.1751987069&uaa=x86&uab=64&uafvl=Not)A%253BBrand%3B8.0.0.0%7CChromium%3B138.0.7204.96%7CGoogle%2520Chrome%3B138.0.7204.96&uamb=0&uam=&uap=Windows&uapv=19.0.0&uaw=0&fledge=1&data=event%3Dgtag.config
Iframe src: https://td.doubleclick.net/td/rul/17013215611?random=1751987069529&cv=11&fst=1751987069529&fmt=3&bg=ffffff&guid=ON&async=1&gtm=45be5720z89221036923za200zb9221036923&gcd=13l3l3l3l1l1&dma=0&tag_exp=101509157~103116026~103200004~103233427~103351869~103351871~104684208~104684211~104718208~104839054~104839056~104885889~104885891~104908318~104908320&u_w=1280&u_h=720&url=https%3A%2F%2Fchull.tv%2F&hn=www.googleadservices.com&frm=0&npa=0&pscdl=noapi&auid=2071879402.1751987069&uaa=x86&uab=64&uafvl=Not)A%253BBrand%3B8.0.0.0%7CChromium%3B138.0.7204.96%7CGoogle%2520Chrome%3B138.0.7204.96&uamb=0&uam=&uap=Windows&uapv=19.0.0&uaw=0&fledge=1&_tu=Cg
Iframe src: 
Iframe src: https://td.doubleclick.net/td/rul/17013215611?random=1751987072087&cv=11&fst=1751987072087&fmt=3&bg=ffffff&guid=ON&async=1&gtm=45be5720za200zb9221036923&gcd=13l3l3l3l1l1&dma=0&tag_exp=101509157~103116026~103200004~103233427~103351869~103351871~104684208~104684211~104718208~104839054~104839056~104885889~104885891~104908318~104908320&u_w=1280&u_h=720&url=https%3A%2F%2Fchull.tv%2Flogin&hn=www.googleadservices.com&frm=0&tiba=Chull%20Tv%20-%20OTT%20Platform%20for%20Web%20Series%20Movies%20Entertainment%20Show&npa=0&pscdl=noapi&auid=2071879402.1751987069&uaa=x86&uab=64&uafvl=Not)A%253BBrand%3B8.0.0.0%7CChromium%3B138.0.7204.96%7CGoogle%2520Chrome%3B138.0.7204.96&uamb=0&uam=&uap=Windows&uapv=19.0.0&uaw=0&fledge=1&data=event%3Dform_start
Iframe src: https://td.doubleclick.net/td/rul/17013215611?random=1751987072103&cv=11&fst=1751987072103&fmt=3&bg=ffffff&guid=ON&async=1&gtm=45be5720za200zb9221036923&gcd=13l3l3l3l1l1&dma=0&tag_exp=101509157~103116026~103200004~103233427~103351869~103351871~104684208~104684211~104718208~104839054~104839056~104885889~104885891~104908318~104908320&u_w=1280&u_h=720&url=https%3A%2F%2Fchull.tv%2Flogin&hn=www.googleadservices.com&frm=0&tiba=Chull%20Tv%20-%20OTT%20Platform%20for%20Web%20Series%20Movies%20Entertainment%20Show&npa=0&pscdl=noapi&auid=2071879402.1751987069&uaa=x86&uab=64&uafvl=Not)A%253BBrand%3B8.0.0.0%7CChromium%3B138.0.7204.96%7CGoogle%2520Chrome%3B138.0.7204.96&uamb=0&uam=&uap=Windows&uapv=19.0.0&uaw=0&fledge=1&data=event%3Dform_submit
Iframe src: https://td.doubleclick.net/td/rul/17013215611?random=1751987072345&cv=11&fst=1751987072345&fmt=3&bg=ffffff&guid=ON&async=1&gtm=45be5720za200zb9221036923&gcd=13l3l3l3l1l1&dma=0&tag_exp=101509157~103116026~103200004~103233427~103351869~103351871~104684208~104684211~104718208~104839054~104839056~104885889~104885891~104908318~104908320&u_w=1280&u_h=720&url=https%3A%2F%2Fchull.tv%2Flogin&hn=www.googleadservices.com&frm=0&tiba=Chull%20Tv%20-%20OTT%20Platform%20for%20Web%20Series%20Movies%20Entertainment%20Show&npa=0&pscdl=noapi&auid=2071879402.1751987069&uaa=x86&uab=64&uafvl=Not)A%253BBrand%3B8.0.0.0%7CChromium%3B138.0.7204.96%7CGoogle%2520Chrome%3B138.0.7204.96&uamb=0&uam=&uap=Windows&uapv=19.0.0&uaw=0&fledge=1&data=event%3Dform_submit
Iframe src: https://api.razorpay.com/v1/checkout/public?traffic_env=production&build=64f1c9e96f4e5aaeb1e77b196211b675992d8517&build_v1=9178825fcaa29bff305ce60d80aa466c65beadfe&checkout_v2=1&new_session=1
Player iframe not found.
]]></system-out>
    <system-err><![CDATA[Jul 08, 2025 8:34:28 PM org.openqa.selenium.devtools.CdpVersionFinder findNearestMatch
WARNING: Unable to find an exact match for CDP version 138, returning the closest version; found: 137; Please update to a Selenium version that supports CDP version 138
]]></system-err>
  </testcase>
  <testcase name="footerTermsAndConditionsTest" classname="Chull.TestCase" time="5.961">
    <system-out><![CDATA[Total iframes: 7
iframe ID: support
iframe SRC: https://chull.ottsnap.in/pages/3
iframe ID: 
iframe SRC: https://td.doubleclick.net/td/rul/17013215611?random=1751987086040&cv=11&fst=1751987086040&fmt=3&bg=ffffff&guid=ON&async=1&gtm=45be5720z89221036923za200zb9221036923&gcd=13l3l3l3l1l1&dma=0&tag_exp=101509157~103116026~103200004~103233427~103351869~103351871~104684208~104684211~104718208~104839054~104839056~104885889~104885891~104908318~104908320&u_w=1280&u_h=720&url=https%3A%2F%2Fchull.tv%2F&hn=www.googleadservices.com&frm=0&npa=0&pscdl=noapi&auid=558272999.1751987086&uaa=x86&uab=64&uafvl=Not)A%253BBrand%3B8.0.0.0%7CChromium%3B138.0.7204.96%7CGoogle%2520Chrome%3B138.0.7204.96&uamb=0&uam=&uap=Windows&uapv=19.0.0&uaw=0&fledge=1&data=event%3Dgtag.config
iframe ID: 
iframe SRC: https://td.doubleclick.net/td/rul/17013215611?random=1751987086097&cv=11&fst=1751987086097&fmt=3&bg=ffffff&guid=ON&async=1&gtm=45be5720z89221036923za200zb9221036923&gcd=13l3l3l3l1l1&dma=0&tag_exp=101509157~103116026~103200004~103233427~103351869~103351871~104684208~104684211~104718208~104839054~104839056~104885889~104885891~104908318~104908320&u_w=1280&u_h=720&url=https%3A%2F%2Fchull.tv%2F&hn=www.googleadservices.com&frm=0&npa=0&pscdl=noapi&auid=558272999.1751987086&uaa=x86&uab=64&uafvl=Not)A%253BBrand%3B8.0.0.0%7CChromium%3B138.0.7204.96%7CGoogle%2520Chrome%3B138.0.7204.96&uamb=0&uam=&uap=Windows&uapv=19.0.0&uaw=0&fledge=1&_tu=Cg
iframe ID: 
iframe SRC: 
iframe ID: 
iframe SRC: https://td.doubleclick.net/td/rul/17013215611?random=1751987088288&cv=11&fst=1751987088288&fmt=3&bg=ffffff&guid=ON&async=1&gtm=45be5720za200zb9221036923&gcd=13l3l3l3l1l1&dma=0&tag_exp=101509157~103116026~103200004~103233427~103351869~103351871~104684208~104684211~104718208~104839054~104839056~104885889~104885891~104908318~104908320&u_w=1280&u_h=720&url=https%3A%2F%2Fchull.tv%2Flogin&hn=www.googleadservices.com&frm=0&tiba=Chull%20Tv%20-%20OTT%20Platform%20for%20Web%20Series%20Movies%20Entertainment%20Show&npa=0&pscdl=noapi&auid=558272999.1751987086&uaa=x86&uab=64&uafvl=Not)A%253BBrand%3B8.0.0.0%7CChromium%3B138.0.7204.96%7CGoogle%2520Chrome%3B138.0.7204.96&uamb=0&uam=&uap=Windows&uapv=19.0.0&uaw=0&fledge=1&data=event%3Dform_start
iframe ID: 
iframe SRC: https://td.doubleclick.net/td/rul/17013215611?random=1751987088308&cv=11&fst=1751987088308&fmt=3&bg=ffffff&guid=ON&async=1&gtm=45be5720za200zb9221036923&gcd=13l3l3l3l1l1&dma=0&tag_exp=101509157~103116026~103200004~103233427~103351869~103351871~104684208~104684211~104718208~104839054~104839056~104885889~104885891~104908318~104908320&u_w=1280&u_h=720&url=https%3A%2F%2Fchull.tv%2Flogin&hn=www.googleadservices.com&frm=0&tiba=Chull%20Tv%20-%20OTT%20Platform%20for%20Web%20Series%20Movies%20Entertainment%20Show&npa=0&pscdl=noapi&auid=558272999.1751987086&uaa=x86&uab=64&uafvl=Not)A%253BBrand%3B8.0.0.0%7CChromium%3B138.0.7204.96%7CGoogle%2520Chrome%3B138.0.7204.96&uamb=0&uam=&uap=Windows&uapv=19.0.0&uaw=0&fledge=1&data=event%3Dform_submit
iframe ID: 
iframe SRC: https://td.doubleclick.net/td/rul/17013215611?random=1751987088629&cv=11&fst=1751987088629&fmt=3&bg=ffffff&guid=ON&async=1&gtm=45be5720za200zb9221036923&gcd=13l3l3l3l1l1&dma=0&tag_exp=101509157~103116026~103200004~103233427~103351869~103351871~104684208~104684211~104718208~104839054~104839056~104885889~104885891~104908318~104908320&u_w=1280&u_h=720&url=https%3A%2F%2Fchull.tv%2Flogin&hn=www.googleadservices.com&frm=0&tiba=Chull%20Tv%20-%20OTT%20Platform%20for%20Web%20Series%20Movies%20Entertainment%20Show&npa=0&pscdl=noapi&auid=558272999.1751987086&uaa=x86&uab=64&uafvl=Not)A%253BBrand%3B8.0.0.0%7CChromium%3B138.0.7204.96%7CGoogle%2520Chrome%3B138.0.7204.96&uamb=0&uam=&uap=Windows&uapv=19.0.0&uaw=0&fledge=1&data=event%3Dform_submit
Element is visible
]]></system-out>
    <system-err><![CDATA[Jul 08, 2025 8:34:44 PM org.openqa.selenium.devtools.CdpVersionFinder findNearestMatch
WARNING: Unable to find an exact match for CDP version 138, returning the closest version; found: 137; Please update to a Selenium version that supports CDP version 138
]]></system-err>
  </testcase>
  <testcase name="logoutTest" classname="Chull.TestCase" time="9.864">
    <system-err><![CDATA[Jul 08, 2025 8:34:54 PM org.openqa.selenium.devtools.CdpVersionFinder findNearestMatch
WARNING: Unable to find an exact match for CDP version 138, returning the closest version; found: 137; Please update to a Selenium version that supports CDP version 138
]]></system-err>
  </testcase>
  <testcase name="filterValuesTest" classname="Chull.TestCase" time="20.052">
    <system-out><![CDATA[https://chull.tv/language/Hindi/1
]]></system-out>
    <system-err><![CDATA[Jul 08, 2025 8:35:08 PM org.openqa.selenium.devtools.CdpVersionFinder findNearestMatch
WARNING: Unable to find an exact match for CDP version 138, returning the closest version; found: 137; Please update to a Selenium version that supports CDP version 138
]]></system-err>
  </testcase>
  <testcase name="viewAllTest" classname="Chull.TestCase" time="14.802">
    <system-out><![CDATA[Is Top 10 content visible: true
]]></system-out>
    <system-err><![CDATA[Jul 08, 2025 8:35:32 PM org.openqa.selenium.devtools.CdpVersionFinder findNearestMatch
WARNING: Unable to find an exact match for CDP version 138, returning the closest version; found: 137; Please update to a Selenium version that supports CDP version 138
]]></system-err>
  </testcase>
  <testcase name="checkRelatedvideo" classname="Chull.TestCase" time="33.834">
    <system-out><![CDATA[Popup closed.
Total iframes found: 8
Iframe src: https://chull.tv/player.html?file=https://vz-1dab6337-9e3.b-cdn.net/b26e6d82-36e0-40a7-aaf3-a1e5616f6ee6/playlist.m3u8&name=%7B%22id%22%3A389%2C%22name%22%3A%22Wanted%20Hot%20Room%20Mate%22%2C%22video_720%22%3A%22https%3A%5C%2F%5C%2Fvz-1dab6337-9e3.b-cdn.net%5C%2Fb26e6d82-36e0-40a7-aaf3-a1e5616f6ee6%5C%2Fplaylist.m3u8%22%2C%22maturity_rating%22%3A%22A%22%2C%22category_name%22%3A%22Romance%22%2C%22type_id%22%3A1%2C%22video_type%22%3A%22video%22%2C%22session_id%22%3A0%2C%22trailer_url%22%3A%22%22%7D&poster=https://ottimages.b-cdn.net/playerposter.jpg&title=CHULL%20TV
Unable to switch to iframe. Possibly cross-origin.
]]></system-out>
    <system-err><![CDATA[Jul 08, 2025 8:35:51 PM org.openqa.selenium.devtools.CdpVersionFinder findNearestMatch
WARNING: Unable to find an exact match for CDP version 138, returning the closest version; found: 137; Please update to a Selenium version that supports CDP version 138
]]></system-err>
  </testcase>
  <testcase name="Banner_is_visible" classname="Chull.TestCase" time="18.747">
    <system-out><![CDATA[no such element: Unable to locate element: {"method":"xpath","selector":"//img[@class="d-block w-100 mscreen image-gradient"]"}
  (Session info: chrome=138.0.7204.96)
For documentation on this error, please visit: https://www.selenium.dev/documentation/webdriver/troubleshooting/errors#no-such-element-exception
Build info: version: '4.33.0', revision: '2c6aaad03a'
System info: os.name: 'Windows 11', os.arch: 'amd64', os.version: '10.0', java.version: '23.0.1'
Driver info: org.openqa.selenium.chrome.ChromeDriver
Command: [fdc0cbdf33669dc9009cbe45647aeba7, findElement {using=xpath, value=//img[@class="d-block w-100 mscreen image-gradient"]}]
Capabilities {acceptInsecureCerts: false, browserName: chrome, browserVersion: 138.0.7204.96, chrome: {chromedriverVersion: 138.0.7204.92 (f079b9bc781e..., userDataDir: C:\Users\Yash\AppData\Local...}, fedcm:accounts: true, goog:chromeOptions: {debuggerAddress: localhost:65049}, networkConnectionEnabled: false, pageLoadStrategy: normal, platformName: windows, proxy: Proxy(), se:cdp: ws://localhost:65049/devtoo..., se:cdpVersion: 138.0.7204.96, setWindowRect: true, strictFileInteractability: false, timeouts: {implicit: 0, pageLoad: 300000, script: 30000}, unhandledPromptBehavior: dismiss and notify, webauthn:extension:credBlob: true, webauthn:extension:largeBlob: true, webauthn:extension:minPinLength: true, webauthn:extension:prf: true, webauthn:virtualAuthenticators: true}
Session ID: fdc0cbdf33669dc9009cbe45647aeba7
]]></system-out>
    <system-err><![CDATA[Jul 08, 2025 8:36:29 PM org.openqa.selenium.devtools.CdpVersionFinder findNearestMatch
WARNING: Unable to find an exact match for CDP version 138, returning the closest version; found: 137; Please update to a Selenium version that supports CDP version 138
]]></system-err>
  </testcase>
  <testcase name="subscription" classname="Chull.TestCase" time="10.165">
    <system-out><![CDATA[Subscription button is visible
]]></system-out>
    <system-err><![CDATA[Jul 08, 2025 8:36:52 PM org.openqa.selenium.devtools.CdpVersionFinder findNearestMatch
WARNING: Unable to find an exact match for CDP version 138, returning the closest version; found: 137; Please update to a Selenium version that supports CDP version 138
]]></system-err>
  </testcase>
  <testcase name="withoutLoginSubscriptionButtonisVisible" classname="Chull.TestCase" time="0.051">
    <system-out><![CDATA[Visible
]]></system-out>
    <system-err><![CDATA[Jul 08, 2025 8:37:07 PM org.openqa.selenium.devtools.CdpVersionFinder findNearestMatch
WARNING: Unable to find an exact match for CDP version 138, returning the closest version; found: 137; Please update to a Selenium version that supports CDP version 138
]]></system-err>
  </testcase>
  <testcase name="check_SubscriptionisVisible" classname="Chull.TestCase" time="13.108">
    <system-out><![CDATA[Button 0 text: ₹79₹129
Button 1 text: ₹149₹249
Button 2 text: ₹329₹459
Button 3 text: ₹579₹699
]]></system-out>
    <system-err><![CDATA[Jul 08, 2025 8:37:10 PM org.openqa.selenium.devtools.CdpVersionFinder findNearestMatch
WARNING: Unable to find an exact match for CDP version 138, returning the closest version; found: 137; Please update to a Selenium version that supports CDP version 138
]]></system-err>
  </testcase>
  <testcase name="checkUserBuySubscription" classname="Chull.TestCase" time="13.068">
    <system-out><![CDATA[User already purchase a subscription
]]></system-out>
    <system-err><![CDATA[Jul 08, 2025 8:37:28 PM org.openqa.selenium.devtools.CdpVersionFinder findNearestMatch
WARNING: Unable to find an exact match for CDP version 138, returning the closest version; found: 137; Please update to a Selenium version that supports CDP version 138
]]></system-err>
  </testcase>
  <testcase name="verifyPopupIsVisibleuserBuysubscription" classname="Chull.TestCase" time="18.198">
    <system-out><![CDATA[no such alert
  (Session info: chrome=138.0.7204.96)
Build info: version: '4.33.0', revision: '2c6aaad03a'
System info: os.name: 'Windows 11', os.arch: 'amd64', os.version: '10.0', java.version: '23.0.1'
Driver info: org.openqa.selenium.chrome.ChromeDriver
Command: [38e3e8dd34d7ad675fbfd48e1ed7a301, getAlertText {}]
Capabilities {acceptInsecureCerts: false, browserName: chrome, browserVersion: 138.0.7204.96, chrome: {chromedriverVersion: 138.0.7204.92 (f079b9bc781e..., userDataDir: C:\Users\Yash\AppData\Local...}, fedcm:accounts: true, goog:chromeOptions: {debuggerAddress: localhost:65486}, networkConnectionEnabled: false, pageLoadStrategy: normal, platformName: windows, proxy: Proxy(), se:cdp: ws://localhost:65486/devtoo..., se:cdpVersion: 138.0.7204.96, setWindowRect: true, strictFileInteractability: false, timeouts: {implicit: 0, pageLoad: 300000, script: 30000}, unhandledPromptBehavior: dismiss and notify, webauthn:extension:credBlob: true, webauthn:extension:largeBlob: true, webauthn:extension:minPinLength: true, webauthn:extension:prf: true, webauthn:virtualAuthenticators: true}
Session ID: 38e3e8dd34d7ad675fbfd48e1ed7a301
]]></system-out>
    <system-err><![CDATA[Jul 08, 2025 8:37:44 PM org.openqa.selenium.devtools.CdpVersionFinder findNearestMatch
WARNING: Unable to find an exact match for CDP version 138, returning the closest version; found: 137; Please update to a Selenium version that supports CDP version 138
]]></system-err>
  </testcase>
  <testcase name="verifyurl" classname="Chull.TestCase" time="0.019">
    <system-out><![CDATA[passed
]]></system-out>
    <system-err><![CDATA[Jul 08, 2025 8:38:07 PM org.openqa.selenium.devtools.CdpVersionFinder findNearestMatch
WARNING: Unable to find an exact match for CDP version 138, returning the closest version; found: 137; Please update to a Selenium version that supports CDP version 138
]]></system-err>
  </testcase>
  <testcase name="checkTagname" classname="Chull.TestCase" time="0.027">
    <system-out><![CDATA[verify the url
]]></system-out>
    <system-err><![CDATA[Jul 08, 2025 8:38:11 PM org.openqa.selenium.devtools.CdpVersionFinder findNearestMatch
WARNING: Unable to find an exact match for CDP version 138, returning the closest version; found: 137; Please update to a Selenium version that supports CDP version 138
]]></system-err>
  </testcase>
  <testcase name="countTotalVideosWithNames" classname="Chull.TestCase" time="1.053">
    <system-out><![CDATA[Total number of videos: 37
]]></system-out>
    <system-err><![CDATA[Jul 08, 2025 8:38:14 PM org.openqa.selenium.devtools.CdpVersionFinder findNearestMatch
WARNING: Unable to find an exact match for CDP version 138, returning the closest version; found: 137; Please update to a Selenium version that supports CDP version 138
]]></system-err>
  </testcase>
  <testcase name="ApplestoreButtonTest" classname="Chull.TestCase" time="15.029">
    <system-out><![CDATA[🔗 Redirected URL: https://apps.apple.com/in/app/chull/id6744243409
]]></system-out>
    <system-err><![CDATA[Jul 08, 2025 8:38:19 PM org.openqa.selenium.devtools.CdpVersionFinder findNearestMatch
WARNING: Unable to find an exact match for CDP version 138, returning the closest version; found: 137; Please update to a Selenium version that supports CDP version 138
]]></system-err>
  </testcase>
  <testcase name="playstore" classname="Chull.TestCase" time="15.394">
    <system-out><![CDATA[🔗 Redirected URL: https://play.google.com/store/apps/details?id=com.ott.chulbull&hl=en_IN
]]></system-out>
    <system-err><![CDATA[Jul 08, 2025 8:38:38 PM org.openqa.selenium.devtools.CdpVersionFinder findNearestMatch
WARNING: Unable to find an exact match for CDP version 138, returning the closest version; found: 137; Please update to a Selenium version that supports CDP version 138
]]></system-err>
  </testcase>
  <testcase name="checkcouponprice" classname="Chull.Testcase2" time="17.675">
    <system-out><![CDATA[2.00.00
]]></system-out>
    <system-err><![CDATA[Jul 08, 2025 8:38:58 PM org.openqa.selenium.devtools.CdpVersionFinder findNearestMatch
WARNING: Unable to find an exact match for CDP version 138, returning the closest version; found: 137; Please update to a Selenium version that supports CDP version 138
]]></system-err>
  </testcase>
  <testcase name="couponPercentage" classname="Chull.Testcase2" time="17.678">
    <system-out><![CDATA[2.37.00
Applied coupon code
]]></system-out>
    <system-err><![CDATA[Jul 08, 2025 8:39:20 PM org.openqa.selenium.devtools.CdpVersionFinder findNearestMatch
WARNING: Unable to find an exact match for CDP version 138, returning the closest version; found: 137; Please update to a Selenium version that supports CDP version 138
]]></system-err>
  </testcase>
  <testcase name="checkrazorpayopen" classname="Chull.Testcase2" time="38.743">
    <system-out><![CDATA[2.37.00
Applied coupon code
Exception: no such element: Unable to locate element: {"method":"xpath","selector":"//button[normalize-space()='Continue']"}
  (Session info: chrome=138.0.7204.96)
For documentation on this error, please visit: https://www.selenium.dev/documentation/webdriver/troubleshooting/errors#no-such-element-exception
Build info: version: '4.33.0', revision: '2c6aaad03a'
System info: os.name: 'Windows 11', os.arch: 'amd64', os.version: '10.0', java.version: '23.0.1'
Driver info: org.openqa.selenium.chrome.ChromeDriver
Command: [77bd98a249fc7fb30649606a645e6a2b, findElement {using=xpath, value=//button[normalize-space()='Continue']}]
Capabilities {acceptInsecureCerts: false, browserName: chrome, browserVersion: 138.0.7204.96, chrome: {chromedriverVersion: 138.0.7204.92 (f079b9bc781e..., userDataDir: C:\Users\Yash\AppData\Local...}, fedcm:accounts: true, goog:chromeOptions: {debuggerAddress: localhost:49790}, networkConnectionEnabled: false, pageLoadStrategy: normal, platformName: windows, proxy: Proxy(), se:cdp: ws://localhost:49790/devtoo..., se:cdpVersion: 138.0.7204.96, setWindowRect: true, strictFileInteractability: false, timeouts: {implicit: 0, pageLoad: 300000, script: 30000}, unhandledPromptBehavior: dismiss and notify, webauthn:extension:credBlob: true, webauthn:extension:largeBlob: true, webauthn:extension:minPinLength: true, webauthn:extension:prf: true, webauthn:virtualAuthenticators: true}
Session ID: 77bd98a249fc7fb30649606a645e6a2b
]]></system-out>
    <system-err><![CDATA[Jul 08, 2025 8:39:42 PM org.openqa.selenium.devtools.CdpVersionFinder findNearestMatch
WARNING: Unable to find an exact match for CDP version 138, returning the closest version; found: 137; Please update to a Selenium version that supports CDP version 138
]]></system-err>
  </testcase>
  <testcase name="Validate_No_Data_message_is_visible" classname="Chull.Testcase2" time="19.135">
    <system-out><![CDATA[No data available
]]></system-out>
    <system-err><![CDATA[Jul 08, 2025 8:40:25 PM org.openqa.selenium.devtools.CdpVersionFinder findNearestMatch
WARNING: Unable to find an exact match for CDP version 138, returning the closest version; found: 137; Please update to a Selenium version that supports CDP version 138
]]></system-err>
  </testcase>
</testsuite>